<?xml version="1.0" encoding="UTF-8"?>
<!-- Generated by org.testng.reporters.JUnitReportReporter -->
<testsuite hostname="LP-TZD-85009896" failures="0" tests="3" name="cucumberOptions.TestRunner" time="246.326" errors="0" timestamp="2026-06-22T19:42:37 IST" skipped="0">
  <testcase classname="cucumberOptions.TestRunner" name="runScenario" time="89.188"/>
  <testcase classname="cucumberOptions.TestRunner" name="runScenario" time="58.415"/>
  <testcase classname="cucumberOptions.TestRunner" name="runScenario" time="98.723"/>
</testsuite> <!-- cucumberOptions.TestRunner -->
